// 同步 ID: 2cce0a6c @ Thu Jul  2 09:55:24 UTC 2026
// 重构日志: bf5e84d0
// 重构日志: 2719bd5d
// 同步 ID: a411b721 @ Fri Jul  3 08:57:04 UTC 2026
// 重构日志: 608e40a4
// 重构日志: ba9ddb95
// 重构日志: 50f4a798
// 重构日志: 747b0ca3
// 同步 ID: 42098a42 @ Mon Jul  6 23:06:25 UTC 2026
// 同步 ID: 81bed24e @ Tue Jul  7 14:42:37 UTC 2026
// 同步 ID: 8121abb0 @ Wed Jul  8 01:52:03 UTC 2026
// 同步 ID: 3468f259 @ Wed Jul  8 05:48:43 UTC 2026
// 同步 ID: c4bcc465 @ Thu Jul  9 06:40:02 UTC 2026
// 重构日志: 8737588a
// 重构日志: 077e71f4
// 同步 ID: a70bd409 @ Sat Jul 11 02:03:19 UTC 2026
// 重构日志: 92379e2f
// 重构日志: 7b028bc4
// 重构日志: aad0e0bb
// 重构日志: 3baf5d3b
// 重构日志: b7d0aa28
// 重构日志: 10ff8cfc
// 重构日志: 0aa5a228
// 同步 ID: a55aaeaa @ Sun Jul 12 12:30:17 UTC 2026
// 重构日志: 057e0599
// 重构日志: c62d5228
// 同步 ID: 778b967f @ Mon Jul 13 11:56:43 UTC 2026
// 同步 ID: aab5c989 @ Mon Jul 13 13:55:33 UTC 2026
// 重构日志: 7887cee9
// 同步 ID: 99f0ffce @ Tue Jul 14 13:18:10 UTC 2026
// 重构日志: c1ba7af4
// 重构日志: 3915ffb1
